# JRE version: OpenJDK Runtime Environment Microsoft-7208460 (11.0.18+10) (build 11.0.18+10-LTS)
# Java VM: OpenJDK 64-Bit Server VM Microsoft-7208460 (11.0.18+10-LTS, mixed mode, tiered, compressed oops, g1 gc, windows-amd64)
Heap:
 garbage-first heap   total 98304K, used 73093K [0x0000000080000000, 0x0000000100000000)
  region size 1024K, 19 young (19456K), 3 survivors (3072K)
 Metaspace       used 71393K, capacity 73609K, committed 73648K, reserved 579584K
  class space    used 9327K, capacity 10222K, committed 10240K, reserved 516096K
GC Heap History (20 events):
Event: 236.436 GC heap before
{Heap before GC invocations=12 (full 0):
 garbage-first heap   total 98304K, used 75711K [0x0000000080000000, 0x0000000100000000)
  region size 1024K, 46 young (47104K), 4 survivors (4096K)
 Metaspace       used 47383K, capacity 48759K, committed 49072K, reserved 559104K
  class space    used 6043K, capacity 6573K, committed 6656K, reserved 516096K
}
Event: 236.447 GC heap after
{Heap after GC invocations=13 (full 0):
 garbage-first heap   total 98304K, used 34882K [0x0000000080000000, 0x0000000100000000)
  region size 1024K, 5 young (5120K), 5 survivors (5120K)
 Metaspace       used 47383K, capacity 48759K, committed 49072K, reserved 559104K
  class space    used 6043K, capacity 6573K, committed 6656K, reserved 516096K
}
Event: 238.336 GC heap before
{Heap before GC invocations=13 (full 0):
 garbage-first heap   total 98304K, used 76866K [0x0000000080000000, 0x0000000100000000)
  region size 1024K, 46 young (47104K), 5 survivors (5120K)
 Metaspace       used 50665K, capacity 52100K, committed 52272K, reserved 563200K
  class space    used 6494K, capacity 7024K, committed 7040K, reserved 516096K
}
Event: 238.352 GC heap after
{Heap after GC invocations=14 (full 0):
 garbage-first heap   total 98304K, used 35845K [0x0000000080000000, 0x0000000100000000)
  region size 1024K, 4 young (4096K), 4 survivors (4096K)
 Metaspace       used 50665K, capacity 52100K, committed 52272K, reserved 563200K
  class space    used 6494K, capacity 7024K, committed 7040K, reserved 516096K
}
Event: 242.008 GC heap before
{Heap before GC invocations=14 (full 0):
 garbage-first heap   total 98304K, used 82949K [0x0000000080000000, 0x0000000100000000)
  region size 1024K, 45 young (46080K), 4 survivors (4096K)
 Metaspace       used 54801K, capacity 56326K, committed 56496K, reserved 565248K
  class space    used 7016K, capacity 7667K, committed 7680K, reserved 516096K
}
Event: 242.038 GC heap after
{Heap after GC invocations=15 (full 0):
 garbage-first heap   total 98304K, used 45990K [0x0000000080000000, 0x0000000100000000)
  region size 1024K, 6 young (6144K), 6 survivors (6144K)
 Metaspace       used 54801K, capacity 56326K, committed 56496K, reserved 565248K
  class space    used 7016K, capacity 7667K, committed 7680K, reserved 516096K
}
Event: 243.665 GC heap before
{Heap before GC invocations=15 (full 0):
 garbage-first heap   total 98304K, used 79782K [0x0000000080000000, 0x0000000100000000)
  region size 1024K, 39 young (39936K), 6 survivors (6144K)
 Metaspace       used 57674K, capacity 59390K, committed 59568K, reserved 569344K
  class space    used 7472K, capacity 8179K, committed 8192K, reserved 516096K
}
Event: 243.705 GC heap after
{Heap after GC invocations=16 (full 0):
 garbage-first heap   total 98304K, used 47569K [0x0000000080000000, 0x0000000100000000)
  region size 1024K, 2 young (2048K), 2 survivors (2048K)
 Metaspace       used 57674K, capacity 59390K, committed 59568K, reserved 569344K
  class space    used 7472K, capacity 8179K, committed 8192K, reserved 516096K
}
Event: 245.291 GC heap before
{Heap before GC invocations=16 (full 0):
 garbage-first heap   total 98304K, used 80337K [0x0000000080000000, 0x0000000100000000)
  region size 1024K, 34 young (34816K), 2 survivors (2048K)
 Metaspace       used 60379K, capacity 62218K, committed 62384K, reserved 571392K
  class space    used 7837K, capacity 8588K, committed 8704K, reserved 516096K
}
Event: 245.308 GC heap after
{Heap after GC invocations=17 (full 0):
 garbage-first heap   total 98304K, used 48706K [0x0000000080000000, 0x0000000100000000)
  region size 1024K, 3 young (3072K), 3 survivors (3072K)
 Metaspace       used 60379K, capacity 62218K, committed 62384K, reserved 571392K
  class space    used 7837K, capacity 8588K, committed 8704K, reserved 516096K
}
Event: 246.370 GC heap before
{Heap before GC invocations=18 (full 0):
 garbage-first heap   total 98304K, used 81474K [0x0000000080000000, 0x0000000100000000)
  region size 1024K, 35 young (35840K), 3 survivors (3072K)
 Metaspace       used 62853K, capacity 64714K, committed 64944K, reserved 573440K
  class space    used 8139K, capacity 8908K, committed 8960K, reserved 516096K
}
Event: 246.381 GC heap after
{Heap after GC invocations=19 (full 0):
 garbage-first heap   total 98304K, used 49931K [0x0000000080000000, 0x0000000100000000)
  region size 1024K, 3 young (3072K), 3 survivors (3072K)
 Metaspace       used 62853K, capacity 64714K, committed 64944K, reserved 573440K
  class space    used 8139K, capacity 8908K, committed 8960K, reserved 516096K
}
Event: 248.146 GC heap before
{Heap before GC invocations=19 (full 0):
 garbage-first heap   total 98304K, used 80651K [0x0000000080000000, 0x0000000100000000)
  region size 1024K, 34 young (34816K), 3 survivors (3072K)
 Metaspace       used 64875K, capacity 66752K, committed 66992K, reserved 575488K
  class space    used 8379K, capacity 9151K, committed 9216K, reserved 516096K
}
Event: 248.155 GC heap after
{Heap after GC invocations=20 (full 0):
 garbage-first heap   total 98304K, used 51448K [0x0000000080000000, 0x0000000100000000)
  region size 1024K, 3 young (3072K), 3 survivors (3072K)
 Metaspace       used 64875K, capacity 66752K, committed 66992K, reserved 575488K
  class space    used 8379K, capacity 9151K, committed 9216K, reserved 516096K
}
Event: 249.699 GC heap before
{Heap before GC invocations=21 (full 0):
 garbage-first heap   total 98304K, used 82168K [0x0000000080000000, 0x0000000100000000)
  region size 1024K, 33 young (33792K), 3 survivors (3072K)
 Metaspace       used 66681K, capacity 68704K, committed 68784K, reserved 575488K
  class space    used 8654K, capacity 9459K, committed 9472K, reserved 516096K
}
Event: 249.706 GC heap after
{Heap after GC invocations=22 (full 0):
 garbage-first heap   total 98304K, used 52973K [0x0000000080000000, 0x0000000100000000)
  region size 1024K, 5 young (5120K), 5 survivors (5120K)
 Metaspace       used 66681K, capacity 68704K, committed 68784K, reserved 575488K
  class space    used 8654K, capacity 9459K, committed 9472K, reserved 516096K
}
Event: 251.725 GC heap before
{Heap before GC invocations=22 (full 0):
 garbage-first heap   total 98304K, used 81645K [0x0000000080000000, 0x0000000100000000)
  region size 1024K, 33 young (33792K), 5 survivors (5120K)
 Metaspace       used 68425K, capacity 70458K, committed 70704K, reserved 577536K
  class space    used 8901K, capacity 9737K, committed 9856K, reserved 516096K
}
Event: 251.741 GC heap after
{Heap after GC invocations=23 (full 0):
 garbage-first heap   total 98304K, used 55036K [0x0000000080000000, 0x0000000100000000)
  region size 1024K, 4 young (4096K), 4 survivors (4096K)
 Metaspace       used 68425K, capacity 70458K, committed 70704K, reserved 577536K
  class space    used 8901K, capacity 9737K, committed 9856K, reserved 516096K
}
Event: 254.695 GC heap before
{Heap before GC invocations=24 (full 0):
 garbage-first heap   total 98304K, used 81660K [0x0000000080000000, 0x0000000100000000)
  region size 1024K, 31 young (31744K), 4 survivors (4096K)
 Metaspace       used 70462K, capacity 72681K, committed 72880K, reserved 579584K
  class space    used 9214K, capacity 10126K, committed 10240K, reserved 516096K
}
Event: 254.710 GC heap after
{Heap after GC invocations=25 (full 0):
 garbage-first heap   total 98304K, used 57733K [0x0000000080000000, 0x0000000100000000)
  region size 1024K, 3 young (3072K), 3 survivors (3072K)
 Metaspace       used 70462K, capacity 72681K, committed 72880K, reserved 579584K
  class space    used 9214K, capacity 10126K, committed 10240K, reserved 516096K
}

