# JRE version: OpenJDK Runtime Environment Microsoft-7208460 (11.0.18+10) (build 11.0.18+10-LTS)
# Java VM: OpenJDK 64-Bit Server VM Microsoft-7208460 (11.0.18+10-LTS, mixed mode, tiered, compressed oops, g1 gc, windows-amd64)
Heap:
 garbage-first heap   total 98304K, used 70620K [0x0000000080000000, 0x0000000100000000)
  region size 1024K, 15 young (15360K), 1 survivors (1024K)
 Metaspace       used 73418K, capacity 75699K, committed 75784K, reserved 581632K
  class space    used 9503K, capacity 10430K, committed 10496K, reserved 516096K
GC Heap History (20 events):
Event: 455.731 GC heap before
{Heap before GC invocations=24 (full 0):
 garbage-first heap   total 98304K, used 54456K [0x0000000080000000, 0x0000000100000000)
  region size 1024K, 4 young (4096K), 1 survivors (1024K)
 Metaspace       used 68688K, capacity 70759K, committed 71048K, reserved 577536K
  class space    used 8908K, capacity 9742K, committed 9856K, reserved 516096K
}
Event: 455.748 GC heap after
{Heap after GC invocations=25 (full 0):
 garbage-first heap   total 98304K, used 51927K [0x0000000080000000, 0x0000000100000000)
  region size 1024K, 1 young (1024K), 1 survivors (1024K)
 Metaspace       used 68688K, capacity 70759K, committed 71048K, reserved 577536K
  class space    used 8908K, capacity 9742K, committed 9856K, reserved 516096K
}
Event: 470.441 GC heap before
{Heap before GC invocations=25 (full 0):
 garbage-first heap   total 98304K, used 54999K [0x0000000080000000, 0x0000000100000000)
  region size 1024K, 4 young (4096K), 1 survivors (1024K)
 Metaspace       used 68695K, capacity 70760K, committed 71048K, reserved 577536K
  class space    used 8908K, capacity 9742K, committed 9856K, reserved 516096K
}
Event: 470.467 GC heap after
{Heap after GC invocations=26 (full 0):
 garbage-first heap   total 98304K, used 51908K [0x0000000080000000, 0x0000000100000000)
  region size 1024K, 1 young (1024K), 1 survivors (1024K)
 Metaspace       used 68695K, capacity 70760K, committed 71048K, reserved 577536K
  class space    used 8908K, capacity 9742K, committed 9856K, reserved 516096K
}
Event: 490.746 GC heap before
{Heap before GC invocations=27 (full 0):
 garbage-first heap   total 98304K, used 57028K [0x0000000080000000, 0x0000000100000000)
  region size 1024K, 6 young (6144K), 1 survivors (1024K)
 Metaspace       used 68715K, capacity 70761K, committed 71048K, reserved 577536K
  class space    used 8908K, capacity 9742K, committed 9856K, reserved 516096K
}
Event: 490.993 GC heap after
{Heap after GC invocations=28 (full 0):
 garbage-first heap   total 98304K, used 51965K [0x0000000080000000, 0x0000000100000000)
  region size 1024K, 1 young (1024K), 1 survivors (1024K)
 Metaspace       used 68715K, capacity 70761K, committed 71048K, reserved 577536K
  class space    used 8908K, capacity 9742K, committed 9856K, reserved 516096K
}
Event: 503.732 GC heap before
{Heap before GC invocations=28 (full 0):
 garbage-first heap   total 98304K, used 60157K [0x0000000080000000, 0x0000000100000000)
  region size 1024K, 9 young (9216K), 1 survivors (1024K)
 Metaspace       used 68774K, capacity 70829K, committed 71048K, reserved 577536K
  class space    used 8908K, capacity 9742K, committed 9856K, reserved 516096K
}
Event: 503.774 GC heap after
{Heap after GC invocations=29 (full 0):
 garbage-first heap   total 98304K, used 52144K [0x0000000080000000, 0x0000000100000000)
  region size 1024K, 1 young (1024K), 1 survivors (1024K)
 Metaspace       used 68774K, capacity 70829K, committed 71048K, reserved 577536K
  class space    used 8908K, capacity 9742K, committed 9856K, reserved 516096K
}
Event: 524.654 GC heap before
{Heap before GC invocations=30 (full 0):
 garbage-first heap   total 98304K, used 67504K [0x0000000080000000, 0x0000000100000000)
  region size 1024K, 16 young (16384K), 1 survivors (1024K)
 Metaspace       used 68816K, capacity 70831K, committed 71048K, reserved 577536K
  class space    used 8908K, capacity 9742K, committed 9856K, reserved 516096K
}
Event: 524.661 GC heap after
{Heap after GC invocations=31 (full 0):
 garbage-first heap   total 98304K, used 52433K [0x0000000080000000, 0x0000000100000000)
  region size 1024K, 1 young (1024K), 1 survivors (1024K)
 Metaspace       used 68816K, capacity 70831K, committed 71048K, reserved 577536K
  class space    used 8908K, capacity 9742K, committed 9856K, reserved 516096K
}
Event: 542.827 GC heap before
{Heap before GC invocations=31 (full 0):
 garbage-first heap   total 98304K, used 72913K [0x0000000080000000, 0x0000000100000000)
  region size 1024K, 21 young (21504K), 1 survivors (1024K)
 Metaspace       used 69490K, capacity 71535K, committed 71560K, reserved 579584K
  class space    used 8986K, capacity 9839K, committed 9856K, reserved 516096K
}
Event: 542.863 GC heap after
{Heap after GC invocations=32 (full 0):
 garbage-first heap   total 98304K, used 53527K [0x0000000080000000, 0x0000000100000000)
  region size 1024K, 2 young (2048K), 2 survivors (2048K)
 Metaspace       used 69490K, capacity 71535K, committed 71560K, reserved 579584K
  class space    used 8986K, capacity 9839K, committed 9856K, reserved 516096K
}
Event: 566.604 GC heap before
{Heap before GC invocations=33 (full 0):
 garbage-first heap   total 98304K, used 76055K [0x0000000080000000, 0x0000000100000000)
  region size 1024K, 24 young (24576K), 2 survivors (2048K)
 Metaspace       used 70761K, capacity 72946K, committed 73096K, reserved 579584K
  class space    used 9196K, capacity 10095K, committed 10112K, reserved 516096K
}
Event: 566.637 GC heap after
{Heap after GC invocations=34 (full 0):
 garbage-first heap   total 98304K, used 54805K [0x0000000080000000, 0x0000000100000000)
  region size 1024K, 3 young (3072K), 3 survivors (3072K)
 Metaspace       used 70761K, capacity 72946K, committed 73096K, reserved 579584K
  class space    used 9196K, capacity 10095K, committed 10112K, reserved 516096K
}
Event: 603.814 GC heap before
{Heap before GC invocations=34 (full 0):
 garbage-first heap   total 98304K, used 77333K [0x0000000080000000, 0x0000000100000000)
  region size 1024K, 26 young (26624K), 3 survivors (3072K)
 Metaspace       used 71372K, capacity 73553K, committed 73736K, reserved 581632K
  class space    used 9260K, capacity 10166K, committed 10240K, reserved 516096K
}
Event: 603.872 GC heap after
{Heap after GC invocations=35 (full 0):
 garbage-first heap   total 98304K, used 56148K [0x0000000080000000, 0x0000000100000000)
  region size 1024K, 3 young (3072K), 3 survivors (3072K)
 Metaspace       used 71372K, capacity 73553K, committed 73736K, reserved 581632K
  class space    used 9260K, capacity 10166K, committed 10240K, reserved 516096K
}
Event: 606.387 GC heap before
{Heap before GC invocations=36 (full 0):
 garbage-first heap   total 98304K, used 79700K [0x0000000080000000, 0x0000000100000000)
  region size 1024K, 26 young (26624K), 3 survivors (3072K)
 Metaspace       used 72981K, capacity 75183K, committed 75400K, reserved 581632K
  class space    used 9443K, capacity 10366K, committed 10368K, reserved 516096K
}
Event: 606.416 GC heap after
{Heap after GC invocations=37 (full 0):
 garbage-first heap   total 98304K, used 57967K [0x0000000080000000, 0x0000000100000000)
  region size 1024K, 4 young (4096K), 4 survivors (4096K)
 Metaspace       used 72981K, capacity 75183K, committed 75400K, reserved 581632K
  class space    used 9443K, capacity 10366K, committed 10368K, reserved 516096K
}
Event: 629.747 GC heap before
{Heap before GC invocations=37 (full 0):
 garbage-first heap   total 98304K, used 79471K [0x0000000080000000, 0x0000000100000000)
  region size 1024K, 26 young (26624K), 4 survivors (4096K)
 Metaspace       used 73377K, capacity 75634K, committed 75784K, reserved 581632K
  class space    used 9503K, capacity 10430K, committed 10496K, reserved 516096K
}
Event: 629.770 GC heap after
{Heap after GC invocations=38 (full 0):
 garbage-first heap   total 98304K, used 58332K [0x0000000080000000, 0x0000000100000000)
  region size 1024K, 1 young (1024K), 1 survivors (1024K)
 Metaspace       used 73377K, capacity 75634K, committed 75784K, reserved 581632K
  class space    used 9503K, capacity 10430K, committed 10496K, reserved 516096K
}

