# JRE version: OpenJDK Runtime Environment Microsoft-7208460 (11.0.18+10) (build 11.0.18+10-LTS)
# Java VM: OpenJDK 64-Bit Server VM Microsoft-7208460 (11.0.18+10-LTS, mixed mode, tiered, compressed oops, g1 gc, windows-amd64)
Heap:
 garbage-first heap   total 98304K, used 80453K [0x0000000080000000, 0x0000000100000000)
  region size 1024K, 30 young (30720K), 3 survivors (3072K)
 Metaspace       used 69178K, capacity 71256K, committed 71376K, reserved 579584K
  class space    used 8990K, capacity 9838K, committed 9856K, reserved 516096K
GC Heap History (20 events):
Event: 152.722 GC heap before
{Heap before GC invocations=14 (full 0):
 garbage-first heap   total 98304K, used 65562K [0x0000000080000000, 0x0000000100000000)
  region size 1024K, 37 young (37888K), 5 survivors (5120K)
 Metaspace       used 46685K, capacity 47968K, committed 48080K, reserved 559104K
  class space    used 5925K, capacity 6433K, committed 6528K, reserved 516096K
}
Event: 152.735 GC heap after
{Heap after GC invocations=15 (full 0):
 garbage-first heap   total 98304K, used 33771K [0x0000000080000000, 0x0000000100000000)
  region size 1024K, 3 young (3072K), 3 survivors (3072K)
 Metaspace       used 46685K, capacity 47968K, committed 48080K, reserved 559104K
  class space    used 5925K, capacity 6433K, committed 6528K, reserved 516096K
}
Event: 154.310 GC heap before
{Heap before GC invocations=15 (full 0):
 garbage-first heap   total 98304K, used 67563K [0x0000000080000000, 0x0000000100000000)
  region size 1024K, 36 young (36864K), 3 survivors (3072K)
 Metaspace       used 49359K, capacity 50788K, committed 51024K, reserved 561152K
  class space    used 6336K, capacity 6901K, committed 6912K, reserved 516096K
}
Event: 154.328 GC heap after
{Heap after GC invocations=16 (full 0):
 garbage-first heap   total 98304K, used 35101K [0x0000000080000000, 0x0000000100000000)
  region size 1024K, 3 young (3072K), 3 survivors (3072K)
 Metaspace       used 49359K, capacity 50788K, committed 51024K, reserved 561152K
  class space    used 6336K, capacity 6901K, committed 6912K, reserved 516096K
}
Event: 155.971 GC heap before
{Heap before GC invocations=16 (full 0):
 garbage-first heap   total 98304K, used 69917K [0x0000000080000000, 0x0000000100000000)
  region size 1024K, 37 young (37888K), 3 survivors (3072K)
 Metaspace       used 51655K, capacity 53131K, committed 53200K, reserved 563200K
  class space    used 6646K, capacity 7258K, committed 7296K, reserved 516096K
}
Event: 155.979 GC heap after
{Heap after GC invocations=17 (full 0):
 garbage-first heap   total 98304K, used 36100K [0x0000000080000000, 0x0000000100000000)
  region size 1024K, 3 young (3072K), 3 survivors (3072K)
 Metaspace       used 51655K, capacity 53131K, committed 53200K, reserved 563200K
  class space    used 6646K, capacity 7258K, committed 7296K, reserved 516096K
}
Event: 161.025 GC heap before
{Heap before GC invocations=17 (full 0):
 garbage-first heap   total 98304K, used 77060K [0x0000000080000000, 0x0000000100000000)
  region size 1024K, 38 young (38912K), 3 survivors (3072K)
 Metaspace       used 55597K, capacity 57133K, committed 57296K, reserved 567296K
  class space    used 7133K, capacity 7800K, committed 7808K, reserved 516096K
}
Event: 161.043 GC heap after
{Heap after GC invocations=18 (full 0):
 garbage-first heap   total 98304K, used 46110K [0x0000000080000000, 0x0000000100000000)
  region size 1024K, 5 young (5120K), 5 survivors (5120K)
 Metaspace       used 55597K, capacity 57133K, committed 57296K, reserved 567296K
  class space    used 7133K, capacity 7800K, committed 7808K, reserved 516096K
}
Event: 162.236 GC heap before
{Heap before GC invocations=18 (full 0):
 garbage-first heap   total 98304K, used 75806K [0x0000000080000000, 0x0000000100000000)
  region size 1024K, 34 young (34816K), 5 survivors (5120K)
 Metaspace       used 58054K, capacity 59769K, committed 59856K, reserved 569344K
  class space    used 7522K, capacity 8257K, committed 8320K, reserved 516096K
}
Event: 162.254 GC heap after
{Heap after GC invocations=19 (full 0):
 garbage-first heap   total 98304K, used 47394K [0x0000000080000000, 0x0000000100000000)
  region size 1024K, 2 young (2048K), 2 survivors (2048K)
 Metaspace       used 58054K, capacity 59769K, committed 59856K, reserved 569344K
  class space    used 7522K, capacity 8257K, committed 8320K, reserved 516096K
}
Event: 163.557 GC heap before
{Heap before GC invocations=19 (full 0):
 garbage-first heap   total 98304K, used 76066K [0x0000000080000000, 0x0000000100000000)
  region size 1024K, 30 young (30720K), 2 survivors (2048K)
 Metaspace       used 60378K, capacity 62247K, committed 62544K, reserved 571392K
  class space    used 7839K, capacity 8591K, committed 8704K, reserved 516096K
}
Event: 163.567 GC heap after
{Heap after GC invocations=20 (full 0):
 garbage-first heap   total 98304K, used 48571K [0x0000000080000000, 0x0000000100000000)
  region size 1024K, 3 young (3072K), 3 survivors (3072K)
 Metaspace       used 60378K, capacity 62247K, committed 62544K, reserved 571392K
  class space    used 7839K, capacity 8591K, committed 8704K, reserved 516096K
}
Event: 164.852 GC heap before
{Heap before GC invocations=21 (full 0):
 garbage-first heap   total 98304K, used 78267K [0x0000000080000000, 0x0000000100000000)
  region size 1024K, 32 young (32768K), 3 survivors (3072K)
 Metaspace       used 62574K, capacity 64449K, committed 64592K, reserved 573440K
  class space    used 8124K, capacity 8877K, committed 8960K, reserved 516096K
}
Event: 164.860 GC heap after
{Heap after GC invocations=22 (full 0):
 garbage-first heap   total 98304K, used 49537K [0x0000000080000000, 0x0000000100000000)
  region size 1024K, 3 young (3072K), 3 survivors (3072K)
 Metaspace       used 62574K, capacity 64449K, committed 64592K, reserved 573440K
  class space    used 8124K, capacity 8877K, committed 8960K, reserved 516096K
}
Event: 166.738 GC heap before
{Heap before GC invocations=22 (full 0):
 garbage-first heap   total 98304K, used 79233K [0x0000000080000000, 0x0000000100000000)
  region size 1024K, 32 young (32768K), 3 survivors (3072K)
 Metaspace       used 64479K, capacity 66322K, committed 66640K, reserved 575488K
  class space    used 8350K, capacity 9112K, committed 9216K, reserved 516096K
}
Event: 166.748 GC heap after
{Heap after GC invocations=23 (full 0):
 garbage-first heap   total 98304K, used 51956K [0x0000000080000000, 0x0000000100000000)
  region size 1024K, 4 young (4096K), 4 survivors (4096K)
 Metaspace       used 64479K, capacity 66322K, committed 66640K, reserved 575488K
  class space    used 8350K, capacity 9112K, committed 9216K, reserved 516096K
}
Event: 169.425 GC heap before
{Heap before GC invocations=24 (full 0):
 garbage-first heap   total 98304K, used 78580K [0x0000000080000000, 0x0000000100000000)
  region size 1024K, 31 young (31744K), 4 survivors (4096K)
 Metaspace       used 66637K, capacity 68473K, committed 68688K, reserved 575488K
  class space    used 8646K, capacity 9418K, committed 9472K, reserved 516096K
}
Event: 169.438 GC heap after
{Heap after GC invocations=25 (full 0):
 garbage-first heap   total 98304K, used 52039K [0x0000000080000000, 0x0000000100000000)
  region size 1024K, 2 young (2048K), 2 survivors (2048K)
 Metaspace       used 66637K, capacity 68473K, committed 68688K, reserved 575488K
  class space    used 8646K, capacity 9418K, committed 9472K, reserved 516096K
}
Event: 170.464 GC heap before
{Heap before GC invocations=25 (full 0):
 garbage-first heap   total 98304K, used 80711K [0x0000000080000000, 0x0000000100000000)
  region size 1024K, 30 young (30720K), 2 survivors (2048K)
 Metaspace       used 67794K, capacity 69831K, committed 69968K, reserved 577536K
  class space    used 8831K, capacity 9655K, committed 9728K, reserved 516096K
}
Event: 170.486 GC heap after
{Heap after GC invocations=26 (full 0):
 garbage-first heap   total 98304K, used 53829K [0x0000000080000000, 0x0000000100000000)
  region size 1024K, 3 young (3072K), 3 survivors (3072K)
 Metaspace       used 67794K, capacity 69831K, committed 69968K, reserved 577536K
  class space    used 8831K, capacity 9655K, committed 9728K, reserved 516096K
}

