# JRE version: OpenJDK Runtime Environment Microsoft-7208460 (11.0.18+10) (build 11.0.18+10-LTS)
# Java VM: OpenJDK 64-Bit Server VM Microsoft-7208460 (11.0.18+10-LTS, mixed mode, tiered, compressed oops, g1 gc, windows-amd64)
Heap:
 garbage-first heap   total 182272K, used 177792K [0x0000000080000000, 0x0000000100000000)
  region size 1024K, 6 young (6144K), 1 survivors (1024K)
 Metaspace       used 113341K, capacity 117182K, committed 117384K, reserved 618496K
  class space    used 14677K, capacity 16192K, committed 16256K, reserved 516096K
GC Heap History (20 events):
Event: 818.088 GC heap before
{Heap before GC invocations=180 (full 0):
 garbage-first heap   total 172032K, used 169687K [0x0000000080000000, 0x0000000100000000)
  region size 1024K, 8 young (8192K), 1 survivors (1024K)
 Metaspace       used 110427K, capacity 114157K, committed 114440K, reserved 616448K
  class space    used 14343K, capacity 15829K, committed 15872K, reserved 516096K
}
Event: 818.092 GC heap after
{Heap after GC invocations=181 (full 0):
 garbage-first heap   total 172032K, used 163333K [0x0000000080000000, 0x0000000100000000)
  region size 1024K, 1 young (1024K), 1 survivors (1024K)
 Metaspace       used 110427K, capacity 114157K, committed 114440K, reserved 616448K
  class space    used 14343K, capacity 15829K, committed 15872K, reserved 516096K
}
Event: 819.606 GC heap before
{Heap before GC invocations=182 (full 0):
 garbage-first heap   total 172032K, used 170501K [0x0000000080000000, 0x0000000100000000)
  region size 1024K, 8 young (8192K), 1 survivors (1024K)
 Metaspace       used 110702K, capacity 114473K, committed 114696K, reserved 616448K
  class space    used 14379K, capacity 15866K, committed 15872K, reserved 516096K
}
Event: 819.611 GC heap after
{Heap after GC invocations=183 (full 0):
 garbage-first heap   total 173056K, used 164482K [0x0000000080000000, 0x0000000100000000)
  region size 1024K, 1 young (1024K), 1 survivors (1024K)
 Metaspace       used 110702K, capacity 114473K, committed 114696K, reserved 616448K
  class space    used 14379K, capacity 15866K, committed 15872K, reserved 516096K
}
Event: 820.438 GC heap before
{Heap before GC invocations=183 (full 0):
 garbage-first heap   total 173056K, used 171650K [0x0000000080000000, 0x0000000100000000)
  region size 1024K, 8 young (8192K), 1 survivors (1024K)
 Metaspace       used 111039K, capacity 114833K, committed 115080K, reserved 616448K
  class space    used 14426K, capacity 15899K, committed 16000K, reserved 516096K
}
Event: 820.442 GC heap after
{Heap after GC invocations=184 (full 0):
 garbage-first heap   total 174080K, used 165095K [0x0000000080000000, 0x0000000100000000)
  region size 1024K, 1 young (1024K), 1 survivors (1024K)
 Metaspace       used 111039K, capacity 114833K, committed 115080K, reserved 616448K
  class space    used 14426K, capacity 15899K, committed 16000K, reserved 516096K
}
Event: 822.143 GC heap before
{Heap before GC invocations=185 (full 0):
 garbage-first heap   total 174080K, used 172263K [0x0000000080000000, 0x0000000100000000)
  region size 1024K, 8 young (8192K), 1 survivors (1024K)
 Metaspace       used 111354K, capacity 115192K, committed 115336K, reserved 616448K
  class space    used 14467K, capacity 15968K, committed 16000K, reserved 516096K
}
Event: 822.146 GC heap after
{Heap after GC invocations=186 (full 0):
 garbage-first heap   total 175104K, used 166079K [0x0000000080000000, 0x0000000100000000)
  region size 1024K, 1 young (1024K), 1 survivors (1024K)
 Metaspace       used 111354K, capacity 115192K, committed 115336K, reserved 616448K
  class space    used 14467K, capacity 15968K, committed 16000K, reserved 516096K
}
Event: 823.696 GC heap before
{Heap before GC invocations=186 (full 0):
 garbage-first heap   total 175104K, used 173247K [0x0000000080000000, 0x0000000100000000)
  region size 1024K, 8 young (8192K), 1 survivors (1024K)
 Metaspace       used 111477K, capacity 115278K, committed 115336K, reserved 616448K
  class space    used 14482K, capacity 15982K, committed 16000K, reserved 516096K
}
Event: 823.702 GC heap after
{Heap after GC invocations=187 (full 0):
 garbage-first heap   total 177152K, used 168154K [0x0000000080000000, 0x0000000100000000)
  region size 1024K, 1 young (1024K), 1 survivors (1024K)
 Metaspace       used 111477K, capacity 115278K, committed 115336K, reserved 616448K
  class space    used 14482K, capacity 15982K, committed 16000K, reserved 516096K
}
Event: 829.782 GC heap before
{Heap before GC invocations=188 (full 0):
 garbage-first heap   total 177152K, used 174298K [0x0000000080000000, 0x0000000100000000)
  region size 1024K, 8 young (8192K), 1 survivors (1024K)
 Metaspace       used 111867K, capacity 115707K, committed 115976K, reserved 616448K
  class space    used 14512K, capacity 16016K, committed 16128K, reserved 516096K
}
Event: 829.785 GC heap after
{Heap after GC invocations=189 (full 0):
 garbage-first heap   total 178176K, used 169344K [0x0000000080000000, 0x0000000100000000)
  region size 1024K, 1 young (1024K), 1 survivors (1024K)
 Metaspace       used 111867K, capacity 115707K, committed 115976K, reserved 616448K
  class space    used 14512K, capacity 16016K, committed 16128K, reserved 516096K
}
Event: 832.309 GC heap before
{Heap before GC invocations=189 (full 0):
 garbage-first heap   total 178176K, used 176512K [0x0000000080000000, 0x0000000100000000)
  region size 1024K, 8 young (8192K), 1 survivors (1024K)
 Metaspace       used 112205K, capacity 115996K, committed 116232K, reserved 616448K
  class space    used 14564K, capacity 16048K, committed 16128K, reserved 516096K
}
Event: 832.313 GC heap after
{Heap after GC invocations=190 (full 0):
 garbage-first heap   total 179200K, used 169937K [0x0000000080000000, 0x0000000100000000)
  region size 1024K, 1 young (1024K), 1 survivors (1024K)
 Metaspace       used 112205K, capacity 115996K, committed 116232K, reserved 616448K
  class space    used 14564K, capacity 16048K, committed 16128K, reserved 516096K
}
Event: 834.994 GC heap before
{Heap before GC invocations=191 (full 0):
 garbage-first heap   total 179200K, used 177105K [0x0000000080000000, 0x0000000100000000)
  region size 1024K, 8 young (8192K), 1 survivors (1024K)
 Metaspace       used 112482K, capacity 116314K, committed 116488K, reserved 618496K
  class space    used 14580K, capacity 16058K, committed 16128K, reserved 516096K
}
Event: 835.024 GC heap after
{Heap after GC invocations=192 (full 0):
 garbage-first heap   total 180224K, used 171646K [0x0000000080000000, 0x0000000100000000)
  region size 1024K, 1 young (1024K), 1 survivors (1024K)
 Metaspace       used 112482K, capacity 116314K, committed 116488K, reserved 618496K
  class space    used 14580K, capacity 16058K, committed 16128K, reserved 516096K
}
Event: 837.709 GC heap before
{Heap before GC invocations=192 (full 0):
 garbage-first heap   total 180224K, used 178814K [0x0000000080000000, 0x0000000100000000)
  region size 1024K, 8 young (8192K), 1 survivors (1024K)
 Metaspace       used 112859K, capacity 116698K, committed 116744K, reserved 618496K
  class space    used 14632K, capacity 16122K, committed 16128K, reserved 516096K
}
Event: 837.714 GC heap after
{Heap after GC invocations=193 (full 0):
 garbage-first heap   total 181248K, used 172061K [0x0000000080000000, 0x0000000100000000)
  region size 1024K, 1 young (1024K), 1 survivors (1024K)
 Metaspace       used 112859K, capacity 116698K, committed 116744K, reserved 618496K
  class space    used 14632K, capacity 16122K, committed 16128K, reserved 516096K
}
Event: 839.720 GC heap before
{Heap before GC invocations=194 (full 0):
 garbage-first heap   total 181248K, used 179229K [0x0000000080000000, 0x0000000100000000)
  region size 1024K, 8 young (8192K), 1 survivors (1024K)
 Metaspace       used 113060K, capacity 116830K, committed 117128K, reserved 618496K
  class space    used 14660K, capacity 16160K, committed 16256K, reserved 516096K
}
Event: 839.724 GC heap after
{Heap after GC invocations=195 (full 0):
 garbage-first heap   total 182272K, used 173696K [0x0000000080000000, 0x0000000100000000)
  region size 1024K, 1 young (1024K), 1 survivors (1024K)
 Metaspace       used 113060K, capacity 116830K, committed 117128K, reserved 618496K
  class space    used 14660K, capacity 16160K, committed 16256K, reserved 516096K
}

