# JRE version: OpenJDK Runtime Environment Microsoft-7208460 (11.0.18+10) (build 11.0.18+10-LTS)
# Java VM: OpenJDK 64-Bit Server VM Microsoft-7208460 (11.0.18+10-LTS, mixed mode, tiered, compressed oops, g1 gc, windows-amd64)
Heap:
 garbage-first heap   total 98304K, used 66219K [0x0000000080000000, 0x0000000100000000)
  region size 1024K, 4 young (4096K), 2 survivors (2048K)
 Metaspace       used 77860K, capacity 80171K, committed 80464K, reserved 585728K
  class space    used 9978K, capacity 10916K, committed 11008K, reserved 516096K
GC Heap History (20 events):
Event: 876.325 GC heap before
{Heap before GC invocations=27 (full 0):
 garbage-first heap   total 98304K, used 82323K [0x0000000080000000, 0x0000000100000000)
  region size 1024K, 31 young (31744K), 2 survivors (2048K)
 Metaspace       used 68765K, capacity 70753K, committed 71120K, reserved 577536K
  class space    used 8908K, capacity 9742K, committed 9856K, reserved 516096K
}
Event: 876.410 GC heap after
{Heap after GC invocations=28 (full 0):
 garbage-first heap   total 98304K, used 53146K [0x0000000080000000, 0x0000000100000000)
  region size 1024K, 2 young (2048K), 2 survivors (2048K)
 Metaspace       used 68765K, capacity 70753K, committed 71120K, reserved 577536K
  class space    used 8908K, capacity 9742K, committed 9856K, reserved 516096K
}
Event: 901.878 GC heap before
{Heap before GC invocations=29 (full 0):
 garbage-first heap   total 98304K, used 82842K [0x0000000080000000, 0x0000000100000000)
  region size 1024K, 31 young (31744K), 2 survivors (2048K)
 Metaspace       used 69494K, capacity 71586K, committed 71632K, reserved 579584K
  class space    used 8986K, capacity 9839K, committed 9856K, reserved 516096K
}
Event: 901.906 GC heap after
{Heap after GC invocations=30 (full 0):
 garbage-first heap   total 98304K, used 54658K [0x0000000080000000, 0x0000000100000000)
  region size 1024K, 4 young (4096K), 4 survivors (4096K)
 Metaspace       used 69494K, capacity 71586K, committed 71632K, reserved 579584K
  class space    used 8986K, capacity 9839K, committed 9856K, reserved 516096K
}
Event: 915.137 GC heap before
{Heap before GC invocations=30 (full 0):
 garbage-first heap   total 98304K, used 81282K [0x0000000080000000, 0x0000000100000000)
  region size 1024K, 31 young (31744K), 4 survivors (4096K)
 Metaspace       used 71148K, capacity 73371K, committed 73552K, reserved 579584K
  class space    used 9240K, capacity 10133K, committed 10240K, reserved 516096K
}
Event: 915.175 GC heap after
{Heap after GC invocations=31 (full 0):
 garbage-first heap   total 98304K, used 56485K [0x0000000080000000, 0x0000000100000000)
  region size 1024K, 4 young (4096K), 4 survivors (4096K)
 Metaspace       used 71148K, capacity 73371K, committed 73552K, reserved 579584K
  class space    used 9240K, capacity 10133K, committed 10240K, reserved 516096K
}
Event: 919.062 GC heap before
{Heap before GC invocations=32 (full 0):
 garbage-first heap   total 98304K, used 82085K [0x0000000080000000, 0x0000000100000000)
  region size 1024K, 30 young (30720K), 4 survivors (4096K)
 Metaspace       used 73044K, capacity 75256K, committed 75600K, reserved 581632K
  class space    used 9450K, capacity 10375K, committed 10496K, reserved 516096K
}
Event: 919.086 GC heap after
{Heap after GC invocations=33 (full 0):
 garbage-first heap   total 98304K, used 58743K [0x0000000080000000, 0x0000000100000000)
  region size 1024K, 3 young (3072K), 3 survivors (3072K)
 Metaspace       used 73044K, capacity 75256K, committed 75600K, reserved 581632K
  class space    used 9450K, capacity 10375K, committed 10496K, reserved 516096K
}
Event: 947.804 GC heap before
{Heap before GC invocations=33 (full 0):
 garbage-first heap   total 98304K, used 81271K [0x0000000080000000, 0x0000000100000000)
  region size 1024K, 26 young (26624K), 3 survivors (3072K)
 Metaspace       used 73446K, capacity 75687K, committed 75856K, reserved 581632K
  class space    used 9499K, capacity 10429K, committed 10496K, reserved 516096K
}
Event: 947.931 GC heap after
{Heap after GC invocations=34 (full 0):
 garbage-first heap   total 98304K, used 59060K [0x0000000080000000, 0x0000000100000000)
  region size 1024K, 3 young (3072K), 3 survivors (3072K)
 Metaspace       used 73446K, capacity 75687K, committed 75856K, reserved 581632K
  class space    used 9499K, capacity 10429K, committed 10496K, reserved 516096K
}
Event: 958.798 GC heap before
{Heap before GC invocations=35 (full 0):
 garbage-first heap   total 98304K, used 61108K [0x0000000080000000, 0x0000000100000000)
  region size 1024K, 6 young (6144K), 3 survivors (3072K)
 Metaspace       used 73459K, capacity 75698K, committed 75856K, reserved 581632K
  class space    used 9501K, capacity 10431K, committed 10496K, reserved 516096K
}
Event: 958.925 GC heap after
{Heap after GC invocations=36 (full 0):
 garbage-first heap   total 98304K, used 59209K [0x0000000080000000, 0x0000000100000000)
  region size 1024K, 1 young (1024K), 1 survivors (1024K)
 Metaspace       used 73459K, capacity 75698K, committed 75856K, reserved 581632K
  class space    used 9501K, capacity 10431K, committed 10496K, reserved 516096K
}
Event: 961.353 GC heap before
{Heap before GC invocations=37 (full 0):
 garbage-first heap   total 98304K, used 61257K [0x0000000080000000, 0x0000000100000000)
  region size 1024K, 4 young (4096K), 1 survivors (1024K)
 Metaspace       used 73536K, capacity 75810K, committed 75856K, reserved 581632K
  class space    used 9509K, capacity 10471K, committed 10496K, reserved 516096K
}
Event: 961.394 GC heap after
{Heap after GC invocations=38 (full 0):
 garbage-first heap   total 98304K, used 61669K [0x0000000080000000, 0x0000000100000000)
  region size 1024K, 3 young (3072K), 3 survivors (3072K)
 Metaspace       used 73536K, capacity 75810K, committed 75856K, reserved 581632K
  class space    used 9509K, capacity 10471K, committed 10496K, reserved 516096K
}
Event: 974.351 GC heap before
{Heap before GC invocations=39 (full 0):
 garbage-first heap   total 98304K, used 73957K [0x0000000080000000, 0x0000000100000000)
  region size 1024K, 15 young (15360K), 3 survivors (3072K)
 Metaspace       used 74783K, capacity 77026K, committed 77264K, reserved 583680K
  class space    used 9658K, capacity 10599K, committed 10624K, reserved 516096K
}
Event: 974.403 GC heap after
{Heap after GC invocations=40 (full 0):
 garbage-first heap   total 98304K, used 64061K [0x0000000080000000, 0x0000000100000000)
  region size 1024K, 2 young (2048K), 2 survivors (2048K)
 Metaspace       used 74783K, capacity 77026K, committed 77264K, reserved 583680K
  class space    used 9658K, capacity 10599K, committed 10624K, reserved 516096K
}
Event: 1021.679 GC heap before
{Heap before GC invocations=40 (full 0):
 garbage-first heap   total 98304K, used 76349K [0x0000000080000000, 0x0000000100000000)
  region size 1024K, 14 young (14336K), 2 survivors (2048K)
 Metaspace       used 76199K, capacity 78526K, committed 78672K, reserved 585728K
  class space    used 9812K, capacity 10752K, committed 10752K, reserved 516096K
}
Event: 1022.290 GC heap after
{Heap after GC invocations=41 (full 0):
 garbage-first heap   total 98304K, used 64572K [0x0000000080000000, 0x0000000100000000)
  region size 1024K, 1 young (1024K), 1 survivors (1024K)
 Metaspace       used 76199K, capacity 78526K, committed 78672K, reserved 585728K
  class space    used 9812K, capacity 10752K, committed 10752K, reserved 516096K
}
Event: 1064.639 GC heap before
{Heap before GC invocations=42 (full 0):
 garbage-first heap   total 98304K, used 75836K [0x0000000080000000, 0x0000000100000000)
  region size 1024K, 13 young (13312K), 1 survivors (1024K)
 Metaspace       used 77799K, capacity 80167K, committed 80464K, reserved 585728K
  class space    used 9975K, capacity 10915K, committed 11008K, reserved 516096K
}
Event: 1066.689 GC heap after
{Heap after GC invocations=43 (full 0):
 garbage-first heap   total 98304K, used 65195K [0x0000000080000000, 0x0000000100000000)
  region size 1024K, 2 young (2048K), 2 survivors (2048K)
 Metaspace       used 77799K, capacity 80167K, committed 80464K, reserved 585728K
  class space    used 9975K, capacity 10915K, committed 11008K, reserved 516096K
}

