# JRE version: OpenJDK Runtime Environment Microsoft-7208460 (11.0.18+10) (build 11.0.18+10-LTS)
# Java VM: OpenJDK 64-Bit Server VM Microsoft-7208460 (11.0.18+10-LTS, mixed mode, tiered, compressed oops, g1 gc, windows-amd64)
Heap:
 garbage-first heap   total 143360K, used 100359K [0x0000000080000000, 0x0000000100000000)
  region size 1024K, 1 young (1024K), 1 survivors (1024K)
 Metaspace       used 96096K, capacity 99042K, committed 99336K, reserved 602112K
  class space    used 12569K, capacity 13752K, committed 13824K, reserved 516096K
GC Heap History (20 events):
Event: 577.236 GC heap after
{Heap after GC invocations=100 (full 0):
 garbage-first heap   total 118784K, used 100236K [0x0000000080000000, 0x0000000100000000)
  region size 1024K, 1 young (1024K), 1 survivors (1024K)
 Metaspace       used 96001K, capacity 98960K, committed 99080K, reserved 602112K
  class space    used 12567K, capacity 13750K, committed 13824K, reserved 516096K
}
Event: 581.320 GC heap before
{Heap before GC invocations=100 (full 0):
 garbage-first heap   total 118784K, used 104332K [0x0000000080000000, 0x0000000100000000)
  region size 1024K, 5 young (5120K), 1 survivors (1024K)
 Metaspace       used 96067K, capacity 98974K, committed 99080K, reserved 602112K
  class space    used 12569K, capacity 13752K, committed 13824K, reserved 516096K
}
Event: 581.402 GC heap after
{Heap after GC invocations=101 (full 0):
 garbage-first heap   total 118784K, used 99971K [0x0000000080000000, 0x0000000100000000)
  region size 1024K, 1 young (1024K), 1 survivors (1024K)
 Metaspace       used 96067K, capacity 98974K, committed 99080K, reserved 602112K
  class space    used 12569K, capacity 13752K, committed 13824K, reserved 516096K
}
Event: 589.310 GC heap before
{Heap before GC invocations=101 (full 0):
 garbage-first heap   total 118784K, used 103043K [0x0000000080000000, 0x0000000100000000)
  region size 1024K, 5 young (5120K), 1 survivors (1024K)
 Metaspace       used 96067K, capacity 98974K, committed 99080K, reserved 602112K
  class space    used 12569K, capacity 13752K, committed 13824K, reserved 516096K
}
Event: 589.349 GC heap after
{Heap after GC invocations=102 (full 0):
 garbage-first heap   total 118784K, used 100059K [0x0000000080000000, 0x0000000100000000)
  region size 1024K, 1 young (1024K), 1 survivors (1024K)
 Metaspace       used 96067K, capacity 98974K, committed 99080K, reserved 602112K
  class space    used 12569K, capacity 13752K, committed 13824K, reserved 516096K
}
Event: 593.826 GC heap before
{Heap before GC invocations=103 (full 0):
 garbage-first heap   total 118784K, used 103131K [0x0000000080000000, 0x0000000100000000)
  region size 1024K, 5 young (5120K), 1 survivors (1024K)
 Metaspace       used 96067K, capacity 98974K, committed 99080K, reserved 602112K
  class space    used 12569K, capacity 13752K, committed 13824K, reserved 516096K
}
Event: 593.830 GC heap after
{Heap after GC invocations=104 (full 0):
 garbage-first heap   total 118784K, used 100112K [0x0000000080000000, 0x0000000100000000)
  region size 1024K, 1 young (1024K), 1 survivors (1024K)
 Metaspace       used 96067K, capacity 98974K, committed 99080K, reserved 602112K
  class space    used 12569K, capacity 13752K, committed 13824K, reserved 516096K
}
Event: 600.787 GC heap before
{Heap before GC invocations=104 (full 0):
 garbage-first heap   total 118784K, used 103184K [0x0000000080000000, 0x0000000100000000)
  region size 1024K, 5 young (5120K), 1 survivors (1024K)
 Metaspace       used 96074K, capacity 98975K, committed 99080K, reserved 602112K
  class space    used 12569K, capacity 13752K, committed 13824K, reserved 516096K
}
Event: 600.790 GC heap after
{Heap after GC invocations=105 (full 0):
 garbage-first heap   total 118784K, used 100144K [0x0000000080000000, 0x0000000100000000)
  region size 1024K, 1 young (1024K), 1 survivors (1024K)
 Metaspace       used 96074K, capacity 98975K, committed 99080K, reserved 602112K
  class space    used 12569K, capacity 13752K, committed 13824K, reserved 516096K
}
Event: 605.820 GC heap before
{Heap before GC invocations=106 (full 0):
 garbage-first heap   total 118784K, used 103216K [0x0000000080000000, 0x0000000100000000)
  region size 1024K, 5 young (5120K), 1 survivors (1024K)
 Metaspace       used 96074K, capacity 98975K, committed 99080K, reserved 602112K
  class space    used 12569K, capacity 13752K, committed 13824K, reserved 516096K
}
Event: 605.823 GC heap after
{Heap after GC invocations=107 (full 0):
 garbage-first heap   total 118784K, used 100118K [0x0000000080000000, 0x0000000100000000)
  region size 1024K, 1 young (1024K), 1 survivors (1024K)
 Metaspace       used 96074K, capacity 98975K, committed 99080K, reserved 602112K
  class space    used 12569K, capacity 13752K, committed 13824K, reserved 516096K
}
Event: 611.554 GC heap before
{Heap before GC invocations=107 (full 0):
 garbage-first heap   total 118784K, used 103190K [0x0000000080000000, 0x0000000100000000)
  region size 1024K, 5 young (5120K), 1 survivors (1024K)
 Metaspace       used 96074K, capacity 98975K, committed 99080K, reserved 602112K
  class space    used 12569K, capacity 13752K, committed 13824K, reserved 516096K
}
Event: 611.558 GC heap after
{Heap after GC invocations=108 (full 0):
 garbage-first heap   total 118784K, used 100286K [0x0000000080000000, 0x0000000100000000)
  region size 1024K, 1 young (1024K), 1 survivors (1024K)
 Metaspace       used 96074K, capacity 98975K, committed 99080K, reserved 602112K
  class space    used 12569K, capacity 13752K, committed 13824K, reserved 516096K
}
Event: 615.413 GC heap before
{Heap before GC invocations=109 (full 0):
 garbage-first heap   total 118784K, used 103358K [0x0000000080000000, 0x0000000100000000)
  region size 1024K, 5 young (5120K), 1 survivors (1024K)
 Metaspace       used 96074K, capacity 98975K, committed 99080K, reserved 602112K
  class space    used 12569K, capacity 13752K, committed 13824K, reserved 516096K
}
Event: 615.421 GC heap after
{Heap after GC invocations=110 (full 0):
 garbage-first heap   total 118784K, used 100218K [0x0000000080000000, 0x0000000100000000)
  region size 1024K, 1 young (1024K), 1 survivors (1024K)
 Metaspace       used 96074K, capacity 98975K, committed 99080K, reserved 602112K
  class space    used 12569K, capacity 13752K, committed 13824K, reserved 516096K
}
Event: 618.465 GC heap before
{Heap before GC invocations=110 (full 0):
 garbage-first heap   total 118784K, used 103290K [0x0000000080000000, 0x0000000100000000)
  region size 1024K, 5 young (5120K), 1 survivors (1024K)
 Metaspace       used 96092K, capacity 99042K, committed 99336K, reserved 602112K
  class space    used 12569K, capacity 13752K, committed 13824K, reserved 516096K
}
Event: 618.467 GC heap after
{Heap after GC invocations=111 (full 0):
 garbage-first heap   total 118784K, used 100246K [0x0000000080000000, 0x0000000100000000)
  region size 1024K, 1 young (1024K), 1 survivors (1024K)
 Metaspace       used 96092K, capacity 99042K, committed 99336K, reserved 602112K
  class space    used 12569K, capacity 13752K, committed 13824K, reserved 516096K
}
Event: 621.958 GC heap before
{Heap before GC invocations=112 (full 0):
 garbage-first heap   total 118784K, used 103318K [0x0000000080000000, 0x0000000100000000)
  region size 1024K, 5 young (5120K), 1 survivors (1024K)
 Metaspace       used 96092K, capacity 99042K, committed 99336K, reserved 602112K
  class space    used 12569K, capacity 13752K, committed 13824K, reserved 516096K
}
Event: 621.960 GC heap after
{Heap after GC invocations=113 (full 0):
 garbage-first heap   total 118784K, used 100287K [0x0000000080000000, 0x0000000100000000)
  region size 1024K, 1 young (1024K), 1 survivors (1024K)
 Metaspace       used 96092K, capacity 99042K, committed 99336K, reserved 602112K
  class space    used 12569K, capacity 13752K, committed 13824K, reserved 516096K
}
Event: 627.198 GC heap before
{Heap before GC invocations=113 (full 0):
 garbage-first heap   total 118784K, used 103359K [0x0000000080000000, 0x0000000100000000)
  region size 1024K, 5 young (5120K), 1 survivors (1024K)
 Metaspace       used 96096K, capacity 99042K, committed 99336K, reserved 602112K
  class space    used 12569K, capacity 13752K, committed 13824K, reserved 516096K
}

