# JRE version: OpenJDK Runtime Environment Microsoft-7208460 (11.0.18+10) (build 11.0.18+10-LTS)
# Java VM: OpenJDK 64-Bit Server VM Microsoft-7208460 (11.0.18+10-LTS, mixed mode, tiered, compressed oops, g1 gc, windows-amd64)
Heap:
 garbage-first heap   total 206848K, used 72351K [0x0000000080000000, 0x0000000100000000)
  region size 1024K, 1 young (1024K), 1 survivors (1024K)
 Metaspace       used 80883K, capacity 83257K, committed 83592K, reserved 589824K
  class space    used 10315K, capacity 11309K, committed 11392K, reserved 516096K
GC Heap History (20 events):
Event: 936.969 GC heap after
{Heap after GC invocations=37 (full 0):
 garbage-first heap   total 98304K, used 60745K [0x0000000080000000, 0x0000000100000000)
  region size 1024K, 2 young (2048K), 2 survivors (2048K)
 Metaspace       used 73486K, capacity 75739K, committed 75784K, reserved 581632K
  class space    used 9513K, capacity 10471K, committed 10496K, reserved 516096K
}
Event: 947.771 GC heap before
{Heap before GC invocations=38 (full 0):
 garbage-first heap   total 98304K, used 74057K [0x0000000080000000, 0x0000000100000000)
  region size 1024K, 15 young (15360K), 2 survivors (2048K)
 Metaspace       used 74872K, capacity 77115K, committed 77320K, reserved 583680K
  class space    used 9684K, capacity 10631K, committed 10752K, reserved 516096K
}
Event: 947.920 GC heap after
{Heap after GC invocations=39 (full 0):
 garbage-first heap   total 98304K, used 63596K [0x0000000080000000, 0x0000000100000000)
  region size 1024K, 2 young (2048K), 2 survivors (2048K)
 Metaspace       used 74872K, capacity 77115K, committed 77320K, reserved 583680K
  class space    used 9684K, capacity 10631K, committed 10752K, reserved 516096K
}
Event: 977.957 GC heap before
{Heap before GC invocations=39 (full 0):
 garbage-first heap   total 98304K, used 75884K [0x0000000080000000, 0x0000000100000000)
  region size 1024K, 14 young (14336K), 2 survivors (2048K)
 Metaspace       used 76444K, capacity 78743K, committed 78984K, reserved 585728K
  class space    used 9839K, capacity 10784K, committed 10880K, reserved 516096K
}
Event: 978.247 GC heap after
{Heap after GC invocations=40 (full 0):
 garbage-first heap   total 98304K, used 64072K [0x0000000080000000, 0x0000000100000000)
  region size 1024K, 1 young (1024K), 1 survivors (1024K)
 Metaspace       used 76444K, capacity 78743K, committed 78984K, reserved 585728K
  class space    used 9839K, capacity 10784K, committed 10880K, reserved 516096K
}
Event: 989.904 GC heap before
{Heap before GC invocations=41 (full 0):
 garbage-first heap   total 98304K, used 75336K [0x0000000080000000, 0x0000000100000000)
  region size 1024K, 13 young (13312K), 1 survivors (1024K)
 Metaspace       used 77972K, capacity 80260K, committed 80392K, reserved 585728K
  class space    used 9994K, capacity 10948K, committed 11008K, reserved 516096K
}
Event: 989.939 GC heap after
{Heap after GC invocations=42 (full 0):
 garbage-first heap   total 98304K, used 64791K [0x0000000080000000, 0x0000000100000000)
  region size 1024K, 2 young (2048K), 2 survivors (2048K)
 Metaspace       used 77972K, capacity 80260K, committed 80392K, reserved 585728K
  class space    used 9994K, capacity 10948K, committed 11008K, reserved 516096K
}
Event: 990.619 GC heap before
{Heap before GC invocations=42 (full 0):
 garbage-first heap   total 98304K, used 65815K [0x0000000080000000, 0x0000000100000000)
  region size 1024K, 4 young (4096K), 2 survivors (2048K)
 Metaspace       used 77987K, capacity 80260K, committed 80392K, reserved 585728K
  class space    used 9996K, capacity 10948K, committed 11008K, reserved 516096K
}
Event: 990.738 GC heap after
{Heap after GC invocations=43 (full 0):
 garbage-first heap   total 98304K, used 66135K [0x0000000080000000, 0x0000000100000000)
  region size 1024K, 2 young (2048K), 2 survivors (2048K)
 Metaspace       used 77987K, capacity 80260K, committed 80392K, reserved 585728K
  class space    used 9996K, capacity 10948K, committed 11008K, reserved 516096K
}
Event: 1030.478 GC heap before
{Heap before GC invocations=44 (full 0):
 garbage-first heap   total 98304K, used 78423K [0x0000000080000000, 0x0000000100000000)
  region size 1024K, 14 young (14336K), 2 survivors (2048K)
 Metaspace       used 79160K, capacity 81590K, committed 81800K, reserved 587776K
  class space    used 10128K, capacity 11116K, committed 11136K, reserved 516096K
}
Event: 1033.486 GC heap after
{Heap after GC invocations=45 (full 0):
 garbage-first heap   total 98304K, used 67420K [0x0000000080000000, 0x0000000100000000)
  region size 1024K, 2 young (2048K), 2 survivors (2048K)
 Metaspace       used 79160K, capacity 81590K, committed 81800K, reserved 587776K
  class space    used 10128K, capacity 11116K, committed 11136K, reserved 516096K
}
Event: 1037.779 GC heap before
{Heap before GC invocations=45 (full 0):
 garbage-first heap   total 98304K, used 69468K [0x0000000080000000, 0x0000000100000000)
  region size 1024K, 4 young (4096K), 2 survivors (2048K)
 Metaspace       used 79443K, capacity 81846K, committed 82184K, reserved 587776K
  class space    used 10166K, capacity 11180K, committed 11264K, reserved 516096K
}
Event: 1042.889 GC heap after
{Heap after GC invocations=46 (full 0):
 garbage-first heap   total 98304K, used 67586K [0x0000000080000000, 0x0000000100000000)
  region size 1024K, 1 young (1024K), 1 survivors (1024K)
 Metaspace       used 79443K, capacity 81846K, committed 82184K, reserved 587776K
  class space    used 10166K, capacity 11180K, committed 11264K, reserved 516096K
}
Event: 1059.116 GC heap before
{Heap before GC invocations=47 (full 0):
 garbage-first heap   total 98304K, used 70658K [0x0000000080000000, 0x0000000100000000)
  region size 1024K, 4 young (4096K), 1 survivors (1024K)
 Metaspace       used 80228K, capacity 82617K, committed 82696K, reserved 587776K
  class space    used 10239K, capacity 11245K, committed 11264K, reserved 516096K
}
Event: 1059.128 GC heap after
{Heap after GC invocations=48 (full 0):
 garbage-first heap   total 98304K, used 68543K [0x0000000080000000, 0x0000000100000000)
  region size 1024K, 1 young (1024K), 1 survivors (1024K)
 Metaspace       used 80228K, capacity 82617K, committed 82696K, reserved 587776K
  class space    used 10239K, capacity 11245K, committed 11264K, reserved 516096K
}
Event: 1062.024 GC heap before
{Heap before GC invocations=48 (full 0):
 garbage-first heap   total 98304K, used 70591K [0x0000000080000000, 0x0000000100000000)
  region size 1024K, 4 young (4096K), 1 survivors (1024K)
 Metaspace       used 80883K, capacity 83257K, committed 83592K, reserved 589824K
  class space    used 10315K, capacity 11309K, committed 11392K, reserved 516096K
}
Event: 1062.157 GC heap after
{Heap after GC invocations=49 (full 0):
 garbage-first heap   total 98304K, used 69012K [0x0000000080000000, 0x0000000100000000)
  region size 1024K, 1 young (1024K), 1 survivors (1024K)
 Metaspace       used 80883K, capacity 83257K, committed 83592K, reserved 589824K
  class space    used 10315K, capacity 11309K, committed 11392K, reserved 516096K
}
Event: 1062.293 GC heap before
{Heap before GC invocations=50 (full 0):
 garbage-first heap   total 98304K, used 69012K [0x0000000080000000, 0x0000000100000000)
  region size 1024K, 2 young (2048K), 1 survivors (1024K)
 Metaspace       used 80883K, capacity 83257K, committed 83592K, reserved 589824K
  class space    used 10315K, capacity 11309K, committed 11392K, reserved 516096K
}
Event: 1062.444 GC heap after
{Heap after GC invocations=51 (full 0):
 garbage-first heap   total 98304K, used 69364K [0x0000000080000000, 0x0000000100000000)
  region size 1024K, 1 young (1024K), 1 survivors (1024K)
 Metaspace       used 80883K, capacity 83257K, committed 83592K, reserved 589824K
  class space    used 10315K, capacity 11309K, committed 11392K, reserved 516096K
}
Event: 1062.557 GC heap before
{Heap before GC invocations=51 (full 0):
 garbage-first heap   total 98304K, used 72436K [0x0000000080000000, 0x0000000100000000)
  region size 1024K, 4 young (4096K), 1 survivors (1024K)
 Metaspace       used 80883K, capacity 83257K, committed 83592K, reserved 589824K
  class space    used 10315K, capacity 11309K, committed 11392K, reserved 516096K
}

