# JRE version: OpenJDK Runtime Environment Microsoft-7208460 (11.0.18+10) (build 11.0.18+10-LTS)
# Java VM: OpenJDK 64-Bit Server VM Microsoft-7208460 (11.0.18+10-LTS, mixed mode, tiered, compressed oops, g1 gc, windows-amd64)
Heap:
 garbage-first heap   total 299008K, used 258844K [0x0000000080000000, 0x0000000100000000)
  region size 1024K, 28 young (28672K), 3 survivors (3072K)
 Metaspace       used 128721K, capacity 133306K, committed 133508K, reserved 632832K
  class space    used 16386K, capacity 18120K, committed 18252K, reserved 516096K
GC Heap History (20 events):
Event: 75.236 GC heap before
{Heap before GC invocations=105 (full 0):
 garbage-first heap   total 299008K, used 256722K [0x0000000080000000, 0x0000000100000000)
  region size 1024K, 48 young (49152K), 3 survivors (3072K)
 Metaspace       used 124578K, capacity 128824K, committed 129028K, reserved 628736K
  class space    used 15934K, capacity 17535K, committed 17612K, reserved 516096K
}
Event: 75.242 GC heap after
{Heap after GC invocations=106 (full 0):
 garbage-first heap   total 299008K, used 206417K [0x0000000080000000, 0x0000000100000000)
  region size 1024K, 6 young (6144K), 6 survivors (6144K)
 Metaspace       used 124578K, capacity 128824K, committed 129028K, reserved 628736K
  class space    used 15934K, capacity 17535K, committed 17612K, reserved 516096K
}
Event: 75.613 GC heap before
{Heap before GC invocations=106 (full 0):
 garbage-first heap   total 299008K, used 262737K [0x0000000080000000, 0x0000000100000000)
  region size 1024K, 50 young (51200K), 6 survivors (6144K)
 Metaspace       used 124799K, capacity 129248K, committed 129412K, reserved 628736K
  class space    used 15955K, capacity 17623K, committed 17740K, reserved 516096K
}
Event: 75.622 GC heap after
{Heap after GC invocations=107 (full 0):
 garbage-first heap   total 299008K, used 214003K [0x0000000080000000, 0x0000000100000000)
  region size 1024K, 7 young (7168K), 7 survivors (7168K)
 Metaspace       used 124799K, capacity 129248K, committed 129412K, reserved 628736K
  class space    used 15955K, capacity 17623K, committed 17740K, reserved 516096K
}
Event: 75.950 GC heap before
{Heap before GC invocations=107 (full 0):
 garbage-first heap   total 299008K, used 258035K [0x0000000080000000, 0x0000000100000000)
  region size 1024K, 47 young (48128K), 7 survivors (7168K)
 Metaspace       used 124915K, capacity 129328K, committed 129668K, reserved 628736K
  class space    used 15968K, capacity 17636K, committed 17740K, reserved 516096K
}
Event: 75.960 GC heap after
{Heap after GC invocations=108 (full 0):
 garbage-first heap   total 299008K, used 213121K [0x0000000080000000, 0x0000000100000000)
  region size 1024K, 6 young (6144K), 6 survivors (6144K)
 Metaspace       used 124915K, capacity 129328K, committed 129668K, reserved 628736K
  class space    used 15968K, capacity 17636K, committed 17740K, reserved 516096K
}
Event: 76.668 GC heap before
{Heap before GC invocations=108 (full 0):
 garbage-first heap   total 299008K, used 254081K [0x0000000080000000, 0x0000000100000000)
  region size 1024K, 47 young (48128K), 6 survivors (6144K)
 Metaspace       used 125938K, capacity 130302K, committed 130564K, reserved 630784K
  class space    used 16090K, capacity 17743K, committed 17868K, reserved 516096K
}
Event: 76.677 GC heap after
{Heap after GC invocations=109 (full 0):
 garbage-first heap   total 299008K, used 218193K [0x0000000080000000, 0x0000000100000000)
  region size 1024K, 5 young (5120K), 5 survivors (5120K)
 Metaspace       used 125938K, capacity 130302K, committed 130564K, reserved 630784K
  class space    used 16090K, capacity 17743K, committed 17868K, reserved 516096K
}
Event: 77.111 GC heap before
{Heap before GC invocations=109 (full 0):
 garbage-first heap   total 299008K, used 256081K [0x0000000080000000, 0x0000000100000000)
  region size 1024K, 42 young (43008K), 5 survivors (5120K)
 Metaspace       used 126853K, capacity 131438K, committed 131716K, reserved 630784K
  class space    used 16194K, capacity 17902K, committed 17996K, reserved 516096K
}
Event: 77.121 GC heap after
{Heap after GC invocations=110 (full 0):
 garbage-first heap   total 299008K, used 223060K [0x0000000080000000, 0x0000000100000000)
  region size 1024K, 5 young (5120K), 5 survivors (5120K)
 Metaspace       used 126853K, capacity 131438K, committed 131716K, reserved 630784K
  class space    used 16194K, capacity 17902K, committed 17996K, reserved 516096K
}
Event: 77.432 GC heap before
{Heap before GC invocations=110 (full 0):
 garbage-first heap   total 299008K, used 264020K [0x0000000080000000, 0x0000000100000000)
  region size 1024K, 38 young (38912K), 5 survivors (5120K)
 Metaspace       used 126916K, capacity 131474K, committed 131716K, reserved 630784K
  class space    used 16199K, capacity 17910K, committed 17996K, reserved 516096K
}
Event: 77.439 GC heap after
{Heap after GC invocations=111 (full 0):
 garbage-first heap   total 299008K, used 225924K [0x0000000080000000, 0x0000000100000000)
  region size 1024K, 3 young (3072K), 3 survivors (3072K)
 Metaspace       used 126916K, capacity 131474K, committed 131716K, reserved 630784K
  class space    used 16199K, capacity 17910K, committed 17996K, reserved 516096K
}
Event: 77.620 GC heap before
{Heap before GC invocations=111 (full 0):
 garbage-first heap   total 299008K, used 261764K [0x0000000080000000, 0x0000000100000000)
  region size 1024K, 35 young (35840K), 3 survivors (3072K)
 Metaspace       used 126929K, capacity 131478K, committed 131716K, reserved 630784K
  class space    used 16199K, capacity 17910K, committed 17996K, reserved 516096K
}
Event: 77.625 GC heap after
{Heap after GC invocations=112 (full 0):
 garbage-first heap   total 299008K, used 227353K [0x0000000080000000, 0x0000000100000000)
  region size 1024K, 5 young (5120K), 5 survivors (5120K)
 Metaspace       used 126929K, capacity 131478K, committed 131716K, reserved 630784K
  class space    used 16199K, capacity 17910K, committed 17996K, reserved 516096K
}
Event: 77.849 GC heap before
{Heap before GC invocations=112 (full 0):
 garbage-first heap   total 299008K, used 262169K [0x0000000080000000, 0x0000000100000000)
  region size 1024K, 36 young (36864K), 5 survivors (5120K)
 Metaspace       used 127101K, capacity 131642K, committed 131972K, reserved 630784K
  class space    used 16217K, capacity 17918K, committed 17996K, reserved 516096K
}
Event: 77.854 GC heap after
{Heap after GC invocations=113 (full 0):
 garbage-first heap   total 299008K, used 231512K [0x0000000080000000, 0x0000000100000000)
  region size 1024K, 4 young (4096K), 4 survivors (4096K)
 Metaspace       used 127101K, capacity 131642K, committed 131972K, reserved 630784K
  class space    used 16217K, capacity 17918K, committed 17996K, reserved 516096K
}
Event: 79.300 GC heap before
{Heap before GC invocations=113 (full 0):
 garbage-first heap   total 299008K, used 259160K [0x0000000080000000, 0x0000000100000000)
  region size 1024K, 32 young (32768K), 4 survivors (4096K)
 Metaspace       used 128023K, capacity 132596K, committed 132868K, reserved 632832K
  class space    used 16338K, capacity 18042K, committed 18124K, reserved 516096K
}
Event: 79.307 GC heap after
{Heap after GC invocations=114 (full 0):
 garbage-first heap   total 299008K, used 231585K [0x0000000080000000, 0x0000000100000000)
  region size 1024K, 4 young (4096K), 4 survivors (4096K)
 Metaspace       used 128023K, capacity 132596K, committed 132868K, reserved 632832K
  class space    used 16338K, capacity 18042K, committed 18124K, reserved 516096K
}
Event: 465.388 GC heap before
{Heap before GC invocations=114 (full 0):
 garbage-first heap   total 299008K, used 259233K [0x0000000080000000, 0x0000000100000000)
  region size 1024K, 32 young (32768K), 4 survivors (4096K)
 Metaspace       used 128614K, capacity 133227K, committed 133508K, reserved 632832K
  class space    used 16385K, capacity 18117K, committed 18252K, reserved 516096K
}
Event: 465.550 GC heap after
{Heap after GC invocations=115 (full 0):
 garbage-first heap   total 299008K, used 234268K [0x0000000080000000, 0x0000000100000000)
  region size 1024K, 3 young (3072K), 3 survivors (3072K)
 Metaspace       used 128614K, capacity 133227K, committed 133508K, reserved 632832K
  class space    used 16385K, capacity 18117K, committed 18252K, reserved 516096K
}

